Using pre-set license
Built from '2020.2/release' branch; Version is '2020.2.2f1 (068178b99f32) revision 426360'; Using compiler version '192528614'; Build Type 'Release'
OS: 'Windows 10 Home; OS build 19042.928; Version 2009; 64bit' Language: 'en' Physical Memory: 16326 MB
BatchMode: 1, IsHumanControllingUs: 0, StartBugReporterOnCrash: 0, Is64bit: 1, IsPro: 0

 COMMAND LINE ARGUMENTS:
C:\Program Files\Unity\2020.2.2f1\Editor\Unity.exe
-adb2
-batchMode
-noUpm
-name
AssetImportWorker0
-projectPath
C:/Users/Kyle/Documents/GitHub/Kyles-Fantastic-Dialogue-System/Kyles-Fantastic-Dialogue-System
-logFile
Logs/AssetImportWorker0.log
-srvPort
56802
Successfully changed project path to: C:/Users/Kyle/Documents/GitHub/Kyles-Fantastic-Dialogue-System/Kyles-Fantastic-Dialogue-System
C:/Users/Kyle/Documents/GitHub/Kyles-Fantastic-Dialogue-System/Kyles-Fantastic-Dialogue-System
Using Asset Import Pipeline V2.
Refreshing native plugins compatible for Editor in 23.00 ms, found 0 plugins.
Preloading 0 native plugins for Editor in 0.00 ms.
Initialize engine version: 2020.2.2f1 (068178b99f32)
[Subsystems] Discovering subsystems at path C:/Program Files/Unity/2020.2.2f1/Editor/Data/Resources/UnitySubsystems
[Subsystems] Discovering subsystems at path C:/Users/Kyle/Documents/GitHub/Kyles-Fantastic-Dialogue-System/Kyles-Fantastic-Dialogue-System/Assets
GfxDevice: creating device client; threaded=0
Direct3D:
    Version:  Direct3D 11.0 [level 11.1]
    Renderer: NVIDIA GeForce GTX 970 (ID=0x13c2)
    Vendor:   
    VRAM:     4043 MB
    Driver:   27.21.14.6627
Initialize mono
Mono path[0] = 'C:/Program Files/Unity/2020.2.2f1/Editor/Data/Managed'
Mono path[1] = 'C:/Program Files/Unity/2020.2.2f1/Editor/Data/MonoBleedingEdge/lib/mono/unityjit'
Mono config path = 'C:/Program Files/Unity/2020.2.2f1/Editor/Data/MonoBleedingEdge/etc'
Using monoOptions --debugger-agent=transport=dt_socket,embedding=1,server=y,suspend=n,address=127.0.0.1:56156
Begin MonoManager ReloadAssembly
Registering precompiled unity dll's ...
Register platform support module: C:/Program Files/Unity/2020.2.2f1/Editor/Data/PlaybackEngines/WindowsStandaloneSupport/UnityEditor.WindowsStandalone.Extensions.dll
Registered in 0.001948 seconds.
Native extension for WindowsStandalone target not found
Refreshing native plugins compatible for Editor in 28.45 ms, found 0 plugins.
Preloading 0 native plugins for Editor in 0.00 ms.
Invoked RoslynAnalysisRunner static constructor.
RoslynAnalysisRunner will not be running.
RoslynAnalysisRunner has terminated.
Mono: successfully reloaded assembly
- Completed reload, in  1.054 seconds
Platform modules already initialized, skipping
Registering precompiled user dll's ...
Registered in 0.000709 seconds.
Begin MonoManager ReloadAssembly
Native extension for WindowsStandalone target not found
Refreshing native plugins compatible for Editor in 21.55 ms, found 0 plugins.
Preloading 0 native plugins for Editor in 0.00 ms.
Invoked RoslynAnalysisRunner static constructor.
RoslynAnalysisRunner will not be running.
RoslynAnalysisRunner has terminated.
Mono: successfully reloaded assembly
- Completed reload, in  0.823 seconds
Platform modules already initialized, skipping
========================================================================
Worker process is ready to serve import requests
Launched and connected shader compiler UnityShaderCompiler.exe after 0.04 seconds
Refreshing native plugins compatible for Editor in 0.23 ms, found 0 plugins.
Preloading 0 native plugins for Editor in 0.00 ms.
Unloading 1238 Unused Serialized files (Serialized files now loaded: 0)
System memory in use before: 61.6 MB.
System memory in use after: 61.7 MB.

Unloading 9 unused Assets to reduce memory usage. Loaded Objects now: 1682.
Total: 1.530400 ms (FindLiveObjects: 0.135300 ms CreateObjectMapping: 0.038100 ms MarkObjects: 1.304700 ms  DeleteObjects: 0.051500 ms)

========================================================================
Received Import Request.
  path: Assets/Scenes/JohnathanAndHenry.unity
  artifactKey: Guid(1c37a08bab205b94d869f799f0e4e7a1) Importer(815301076,1909f56bfc062723c751e8b465ee728b)
Start importing Assets/Scenes/JohnathanAndHenry.unity using Guid(1c37a08bab205b94d869f799f0e4e7a1) Importer(815301076,1909f56bfc062723c751e8b465ee728b)  -> (artifact id: 'e3cd8de5908551e16c4059eb73067c0c') in 0.016443 seconds
  Import took 0.018659 seconds .

AssetImportWorkerClient::OnTransportError - code=2 error=End of file
